2026/06/13 18:42:13.004442 [INFO]Database connected and migrated successfully
2026/06/13 18:42:13.004602 [INFO]Server starting on port 8080...
2026/06/13 18:44:18.898645 [INFO]Synced 1 messages for user: 4668caa7-681a-4bbb-abbb-a85d110f4212
2026/06/13 18:44:18.899922 [INFO]Synced 1 messages for user: 4668caa7-681a-4bbb-abbb-a85d110f4212
2026/06/13 18:52:41.794654 [INFO]Database connected and migrated successfully
2026/06/13 18:52:41.795025 [INFO]Server starting on port 8080...
2026/06/13 18:52:41.795967 [ERROR]Failed to start server:listen tcp :8080: bind: address already in use
2026/06/13 18:55:29.927290 [INFO]Database connected and migrated successfully
2026/06/13 18:55:29.927572 [INFO]Server starting on port 8080...
2026/06/13 18:55:40.393573 [INFO]Synced 1 messages for user: 4668caa7-681a-4bbb-abbb-a85d110f4212
2026/06/13 18:56:52.655440 [INFO]Created message for user:4668caa7-681a-4bbb-abbb-a85d110f4212
2026/06/13 18:56:52.655611 [INFO]Message sent successfully for user:4668caa7-681a-4bbb-abbb-a85d110f4212
2026/06/13 18:56:58.329615 [INFO]Synced 1 messages for user: 4668caa7-681a-4bbb-abbb-a85d110f4212
2026/06/13 18:57:25.848834 [INFO]Synced 1 messages for user: 4668caa7-681a-4bbb-abbb-a85d110f4212
2026/06/13 18:57:46.848609 [INFO]Created message for user:4668caa7-681a-4bbb-abbb-a85d110f4212
2026/06/13 18:57:46.848767 [INFO]Message sent successfully for user:4668caa7-681a-4bbb-abbb-a85d110f4212
2026/06/13 18:57:51.599482 [INFO]Synced 2 messages for user: 4668caa7-681a-4bbb-abbb-a85d110f4212
2026/06/13 18:57:56.611962 [INFO]Synced 2 messages for user: 4668caa7-681a-4bbb-abbb-a85d110f4212
2026/06/13 18:57:56.724201 [INFO]Synced 2 messages for user: 4668caa7-681a-4bbb-abbb-a85d110f4212
2026/06/13 18:57:58.792497 [INFO]Synced 2 messages for user: 4668caa7-681a-4bbb-abbb-a85d110f4212
2026/06/13 18:57:59.512685 [INFO]Synced 2 messages for user: 4668caa7-681a-4bbb-abbb-a85d110f4212
2026/06/13 18:58:17.779007 [INFO]Synced 2 messages for user: 4668caa7-681a-4bbb-abbb-a85d110f4212
2026/06/13 18:58:21.203332 [INFO]Synced 2 messages for user: 4668caa7-681a-4bbb-abbb-a85d110f4212
2026/06/13 18:58:28.262092 [INFO]Synced 2 messages for user: 4668caa7-681a-4bbb-abbb-a85d110f4212
2026/06/13 18:58:28.263521 [INFO]Synced 2 messages for user: 4668caa7-681a-4bbb-abbb-a85d110f4212
2026/06/13 18:58:30.920217 [INFO]Synced 2 messages for user: 4668caa7-681a-4bbb-abbb-a85d110f4212
2026/06/13 18:59:28.251163 [INFO]Synced 2 messages for user: 4668caa7-681a-4bbb-abbb-a85d110f4212
2026/06/13 19:05:24.217738 [INFO]Synced 2 messages for user: 4668caa7-681a-4bbb-abbb-a85d110f4212
2026/06/13 19:05:24.266475 [INFO]Synced 2 messages for user: 4668caa7-681a-4bbb-abbb-a85d110f4212
2026/06/13 19:05:41.727366 [INFO]Synced 2 messages for user: 4668caa7-681a-4bbb-abbb-a85d110f4212
2026/06/13 19:05:41.731298 [INFO]Synced 2 messages for user: 4668caa7-681a-4bbb-abbb-a85d110f4212
2026/06/13 19:05:47.774669 [INFO]Synced 2 messages for user: 4668caa7-681a-4bbb-abbb-a85d110f4212
2026/06/13 19:08:31.959219 [INFO]Database connected and migrated successfully
2026/06/13 19:08:31.959612 [INFO]Server starting on port 8080...
2026/06/13 19:08:31.960037 [ERROR]Failed to start server:listen tcp :8080: bind: address already in use
2026/06/13 19:08:36.545143 [INFO]Database connected and migrated successfully
2026/06/13 19:08:36.545290 [INFO]Server starting on port 8080...
2026/06/13 19:09:28.347125 [INFO]Created message for user:4668caa7-681a-4bbb-abbb-a85d110f4212
2026/06/13 19:09:28.347387 [INFO]Message sent successfully for user:4668caa7-681a-4bbb-abbb-a85d110f4212
2026/06/13 19:09:28.748192 [INFO]Synced 3 messages for user: 4668caa7-681a-4bbb-abbb-a85d110f4212
2026/06/13 19:09:31.106082 [INFO]Synced 3 messages for user: 4668caa7-681a-4bbb-abbb-a85d110f4212
2026/06/13 19:09:39.607597 [INFO]Synced 3 messages for user: 4668caa7-681a-4bbb-abbb-a85d110f4212
2026/06/13 19:09:42.361975 [INFO]Synced 3 messages for user: 4668caa7-681a-4bbb-abbb-a85d110f4212
2026/06/13 19:09:43.358076 [INFO]Synced 3 messages for user: 4668caa7-681a-4bbb-abbb-a85d110f4212
2026/06/13 19:09:44.031017 [INFO]Synced 3 messages for user: 4668caa7-681a-4bbb-abbb-a85d110f4212
2026/06/13 19:09:44.352521 [INFO]Synced 3 messages for user: 4668caa7-681a-4bbb-abbb-a85d110f4212
2026/06/13 19:09:45.372759 [INFO]Synced 3 messages for user: 4668caa7-681a-4bbb-abbb-a85d110f4212
2026/06/13 19:09:46.456082 [INFO]Synced 3 messages for user: 4668caa7-681a-4bbb-abbb-a85d110f4212
2026/06/13 19:09:52.971638 [INFO]Synced 3 messages for user: 4668caa7-681a-4bbb-abbb-a85d110f4212
2026/06/13 19:11:05.186502 [INFO]Synced 3 messages for user: 4668caa7-681a-4bbb-abbb-a85d110f4212
2026/06/13 19:12:04.285465 [INFO]Synced 3 messages for user: 4668caa7-681a-4bbb-abbb-a85d110f4212
2026/06/13 19:12:51.230938 [INFO]Synced 3 messages for user: 4668caa7-681a-4bbb-abbb-a85d110f4212
2026/06/13 19:17:00.618639 [INFO]Database connected and migrated successfully
2026/06/13 19:17:00.619525 [INFO]Server starting on port 8080...
2026/06/13 19:17:00.619970 [ERROR]Failed to start server:listen tcp :8080: bind: address already in use
2026/06/13 19:17:07.480330 [INFO]Database connected and migrated successfully
2026/06/13 19:17:07.480549 [INFO]Server starting on port 8080...
2026/06/13 19:17:13.173269 [INFO]Synced 3 messages for user: 4668caa7-681a-4bbb-abbb-a85d110f4212
2026/06/13 19:20:49.390344 [INFO]Database connected and migrated successfully
2026/06/13 19:20:49.390762 [INFO]Server starting on port 8080...
2026/06/13 19:20:49.391279 [ERROR]Failed to start server:listen tcp :8080: bind: address already in use
2026/06/13 19:22:08.450531 [INFO]Database connected and migrated successfully
2026/06/13 19:22:08.450929 [INFO]Server starting on port 8080...
2026/06/13 19:22:08.451338 [ERROR]Failed to start server:listen tcp :8080: bind: address already in use
2026/06/13 19:22:25.336954 [INFO]Database connected and migrated successfully
2026/06/13 19:22:25.337166 [INFO]Server starting on port 8080...
2026/06/13 19:36:53.952844 [INFO]Database connected and migrated successfully
2026/06/13 19:36:53.953159 [INFO]Server starting on port 8080...
2026/06/13 19:37:08.166405 [INFO]Created message for user:4668caa7-681a-4bbb-abbb-a85d110f4212
2026/06/13 19:37:08.166541 [INFO]Message sent successfully for user:4668caa7-681a-4bbb-abbb-a85d110f4212
2026/06/13 19:37:14.570920 [INFO]Synced 4 messages for user: 4668caa7-681a-4bbb-abbb-a85d110f4212
2026/06/13 19:38:18.644960 [INFO]Synced 4 messages for user: 4668caa7-681a-4bbb-abbb-a85d110f4212
2026/06/13 19:39:27.956691 [INFO]Synced 4 messages for user: 4668caa7-681a-4bbb-abbb-a85d110f4212
2026/06/13 19:39:27.962417 [INFO]Synced 4 messages for user: 4668caa7-681a-4bbb-abbb-a85d110f4212
2026/06/13 19:46:35.720011 [INFO]Synced 4 messages for user: 4668caa7-681a-4bbb-abbb-a85d110f4212
2026/06/13 19:54:19.801247 [INFO]Synced 4 messages for user: 4668caa7-681a-4bbb-abbb-a85d110f4212
2026/06/13 19:55:00.516189 [INFO]Created message for user:4668caa7-681a-4bbb-abbb-a85d110f4212
2026/06/13 19:55:00.516590 [INFO]Message sent successfully for user:4668caa7-681a-4bbb-abbb-a85d110f4212
2026/06/13 19:55:00.923159 [INFO]Synced 5 messages for user: 4668caa7-681a-4bbb-abbb-a85d110f4212
2026/06/13 19:55:17.134079 [INFO]Synced 5 messages for user: 4668caa7-681a-4bbb-abbb-a85d110f4212
2026/06/13 19:56:43.504761 [INFO]Synced 5 messages for user: 4668caa7-681a-4bbb-abbb-a85d110f4212
2026/06/13 19:57:07.966608 [INFO]Synced 5 messages for user: 4668caa7-681a-4bbb-abbb-a85d110f4212
2026/06/13 19:57:07.973485 [INFO]Synced 5 messages for user: 4668caa7-681a-4bbb-abbb-a85d110f4212
2026/06/13 19:57:59.879170 [INFO]Synced 5 messages for user: 4668caa7-681a-4bbb-abbb-a85d110f4212
2026/06/13 20:07:40.567413 [INFO]Database connected and migrated successfully
2026/06/13 20:07:40.567724 [INFO]Server starting on port 8080...
2026/06/13 20:07:44.893968 [INFO]Synced 5 messages for user: 4668caa7-681a-4bbb-abbb-a85d110f4212
2026/06/13 20:08:13.881471 [INFO]Synced 5 messages for user: 4668caa7-681a-4bbb-abbb-a85d110f4212
2026/06/13 20:08:13.885367 [INFO]Synced 5 messages for user: 4668caa7-681a-4bbb-abbb-a85d110f4212
2026/06/13 20:08:21.277332 [INFO]Created message for user:4668caa7-681a-4bbb-abbb-a85d110f4212
2026/06/13 20:08:21.277520 [INFO]Message sent successfully for user:4668caa7-681a-4bbb-abbb-a85d110f4212
2026/06/13 20:08:21.657412 [INFO]Synced 6 messages for user: 4668caa7-681a-4bbb-abbb-a85d110f4212
2026/06/13 20:08:27.994554 [INFO]Synced 6 messages for user: 4668caa7-681a-4bbb-abbb-a85d110f4212
2026/06/13 20:08:43.617938 [INFO]Synced 6 messages for user: 4668caa7-681a-4bbb-abbb-a85d110f4212
2026/06/13 20:10:25.527722 [INFO]Database connected and migrated successfully
2026/06/13 20:10:25.527897 [INFO]Server starting on port 8080...
2026/06/13 20:10:34.570020 [INFO]Synced 6 messages for user: 4668caa7-681a-4bbb-abbb-a85d110f4212
2026/06/13 20:10:39.609819 [INFO]Synced 6 messages for user: 4668caa7-681a-4bbb-abbb-a85d110f4212
2026/06/13 20:10:43.244541 [INFO]Synced 6 messages for user: 4668caa7-681a-4bbb-abbb-a85d110f4212
2026/06/13 20:10:43.886000 [INFO]Synced 6 messages for user: 4668caa7-681a-4bbb-abbb-a85d110f4212
2026/06/13 20:10:44.437386 [INFO]Synced 6 messages for user: 4668caa7-681a-4bbb-abbb-a85d110f4212
2026/06/13 20:10:44.869268 [INFO]Synced 6 messages for user: 4668caa7-681a-4bbb-abbb-a85d110f4212
2026/06/13 20:13:52.800750 [INFO]Database connected and migrated successfully
2026/06/13 20:13:52.800905 [INFO]Server starting on port 8080...
2026/06/13 20:14:27.183547 [INFO]Created message for user:4668caa7-681a-4bbb-abbb-a85d110f4212
2026/06/13 20:14:27.183746 [INFO]Message sent successfully for user:4668caa7-681a-4bbb-abbb-a85d110f4212
2026/06/13 20:14:27.619082 [INFO]Getting messages since:2026-06-13 12:08:21.662 +0000 UTC(Unix:1781352501)
2026/06/13 20:14:27.619314 [ERROR]Failed to get messages:no such function: UNIX_TIMESTAMP
2026/06/13 20:14:27.619360 [ERROR]Failed to get messages:no such function: UNIX_TIMESTAMP
2026/06/13 20:14:41.388983 [INFO]Getting messages since:2026-06-13 12:08:21.662 +0000 UTC(Unix:1781352501)
2026/06/13 20:14:41.389985 [ERROR]Failed to get messages:no such function: UNIX_TIMESTAMP
2026/06/13 20:14:41.390032 [ERROR]Failed to get messages:no such function: UNIX_TIMESTAMP
2026/06/13 20:14:41.404415 [INFO]Getting messages since:2026-06-13 12:08:21.662 +0000 UTC(Unix:1781352501)
2026/06/13 20:14:41.410775 [ERROR]Failed to get messages:no such function: UNIX_TIMESTAMP
2026/06/13 20:14:41.410843 [ERROR]Failed to get messages:no such function: UNIX_TIMESTAMP
2026/06/13 20:14:43.058286 [INFO]Getting messages since:2026-06-13 12:10:44.906 +0000 UTC(Unix:1781352644)
2026/06/13 20:14:43.061376 [ERROR]Failed to get messages:no such function: UNIX_TIMESTAMP
2026/06/13 20:14:43.061609 [ERROR]Failed to get messages:no such function: UNIX_TIMESTAMP
2026/06/13 20:15:43.548008 [INFO]Database connected and migrated successfully
2026/06/13 20:15:43.548157 [INFO]Server starting on port 8080...
2026/06/13 20:15:48.793491 [INFO]Getting messages since:2026-06-13 12:10:44.906 +0000 UTC
2026/06/13 20:15:48.795686 [INFO]Found7messages
2026/06/13 20:15:48.802196 [INFO]Synced 7 messages for user: 4668caa7-681a-4bbb-abbb-a85d110f4212
2026/06/13 20:20:00.282046 [INFO]Getting messages since:2026-06-13 11:11:05.201 +0000 UTC
2026/06/13 20:20:00.287989 [INFO]Found7messages
2026/06/13 20:20:00.301906 [INFO]Synced 7 messages for user: 4668caa7-681a-4bbb-abbb-a85d110f4212
2026/06/13 20:20:03.531899 [INFO]Getting messages since:2026-06-13 20:14:27 +0800 CST
2026/06/13 20:20:03.532066 [INFO]Found1messages
2026/06/13 20:20:03.533284 [INFO]Synced 1 messages for user: 4668caa7-681a-4bbb-abbb-a85d110f4212
2026/06/13 20:20:33.959076 [INFO]Getting messages since:2026-06-13 20:14:27 +0800 CST
2026/06/13 20:20:33.960066 [INFO]Found1messages
2026/06/13 20:20:33.962810 [INFO]Synced 1 messages for user: 4668caa7-681a-4bbb-abbb-a85d110f4212
2026/06/13 20:22:55.945758 [INFO]Database connected and migrated successfully
2026/06/13 20:22:55.945909 [INFO]Server starting on port 8080...
2026/06/13 20:22:58.110377 [INFO]Getting messages since:2026-06-13 20:14:27 +0800 CST
2026/06/13 20:22:58.110639 [INFO]Found1messages
2026/06/13 20:22:58.111875 [INFO]Synced 1 messages for user: 4668caa7-681a-4bbb-abbb-a85d110f4212
2026/06/13 20:22:59.609778 [INFO]Getting messages since:2026-06-13 20:14:27 +0800 CST
2026/06/13 20:22:59.610156 [INFO]Found1messages
2026/06/13 20:22:59.612767 [INFO]Synced 1 messages for user: 4668caa7-681a-4bbb-abbb-a85d110f4212
2026/06/13 20:23:00.192533 [INFO]Getting messages since:2026-06-13 20:14:27 +0800 CST
2026/06/13 20:23:00.192787 [INFO]Found1messages
2026/06/13 20:23:00.193742 [INFO]Synced 1 messages for user: 4668caa7-681a-4bbb-abbb-a85d110f4212
2026/06/13 20:26:59.178144 [INFO]Database connected and migrated successfully
2026/06/13 20:26:59.178331 [INFO]Server starting on port 8080...
2026/06/13 20:28:07.330860 [INFO]Getting messages since:2026-06-13 12:08:21.662 +0000 UTC
2026/06/13 20:28:07.332729 [INFO]Found7messages
2026/06/13 20:28:07.332840 [INFO]Getting messages since:2026-06-13 12:08:21.662 +0000 UTC
2026/06/13 20:28:07.333347 [INFO]Found7messages
2026/06/13 20:28:07.344946 [INFO]Synced 7 messages for user: 4668caa7-681a-4bbb-abbb-a85d110f4212
2026/06/13 20:28:07.351407 [INFO]Synced 7 messages for user: 4668caa7-681a-4bbb-abbb-a85d110f4212
2026/06/13 20:28:20.004071 [INFO]Created message for user:4668caa7-681a-4bbb-abbb-a85d110f4212
2026/06/13 20:28:20.004239 [INFO]Message sent successfully for user:4668caa7-681a-4bbb-abbb-a85d110f4212
2026/06/13 20:28:37.955564 [INFO]Getting messages since:2026-06-13 12:28:07.385 +0000 UTC
2026/06/13 20:28:37.956699 [INFO]Found8messages
2026/06/13 20:28:37.961156 [INFO]Synced 8 messages for user: 4668caa7-681a-4bbb-abbb-a85d110f4212
2026/06/13 20:28:55.778078 [INFO]Getting messages since:2026-06-13 20:14:27 +0800 CST
2026/06/13 20:28:55.778914 [INFO]Found2messages
2026/06/13 20:28:55.781633 [INFO]Synced 2 messages for user: 4668caa7-681a-4bbb-abbb-a85d110f4212
2026/06/13 20:33:07.120889 [INFO]Database connected and migrated successfully
2026/06/13 20:33:07.121064 [INFO]Server starting on port 8080...
2026/06/13 20:34:21.581202 [INFO]Created new user with ID:069c3842-644c-44b9-9bf4-69767d7bc2bb
2026/06/13 20:34:21.581587 [INFO]Generated new user ID:069c3842-644c-44b9-9bf4-69767d7bc2bb
2026/06/13 20:34:21.722702 [INFO]Getting messages since:2026-06-13 12:28:37.987 +0000 UTC
2026/06/13 20:34:21.723243 [INFO]Found0messages
2026/06/13 20:34:21.723263 [INFO]Synced 0 messages for user: 069c3842-644c-44b9-9bf4-69767d7bc2bb
2026/06/13 20:34:21.750232 [INFO]Getting messages since:2026-06-13 12:28:37.987 +0000 UTC
2026/06/13 20:34:21.750415 [INFO]Found0messages
2026/06/13 20:34:21.750429 [INFO]Synced 0 messages for user: 069c3842-644c-44b9-9bf4-69767d7bc2bb
2026/06/13 20:34:30.290145 [INFO]Created message for user:069c3842-644c-44b9-9bf4-69767d7bc2bb
2026/06/13 20:34:30.290327 [INFO]Message sent successfully for user:069c3842-644c-44b9-9bf4-69767d7bc2bb
2026/06/13 20:34:30.410485 [INFO]Getting messages since:2026-06-13 12:28:37.987 +0000 UTC
2026/06/13 20:34:30.411477 [INFO]Found1messages
2026/06/13 20:34:30.413271 [INFO]Synced 1 messages for user: 069c3842-644c-44b9-9bf4-69767d7bc2bb
2026/06/13 20:34:58.781546 [INFO]Getting messages since:2026-06-13 20:28:20 +0800 CST
2026/06/13 20:34:58.784218 [INFO]Found1messages
2026/06/13 20:34:58.786036 [INFO]Synced 1 messages for user: 069c3842-644c-44b9-9bf4-69767d7bc2bb
2026/06/13 20:40:45.149992 [INFO]Database connected and migrated successfully
2026/06/13 20:40:45.150315 [INFO]Server starting on port 8080...
2026/06/13 20:44:25.934110 [INFO]Getting messages since:2026-06-13 20:34:30 +0800 CST
2026/06/13 20:44:25.936499 [INFO]Found1messages
2026/06/13 20:44:25.938314 [INFO]Synced 1 messages for user: 069c3842-644c-44b9-9bf4-69767d7bc2bb
2026/06/13 20:44:36.605921 [INFO]Getting messages since:2026-06-13 20:34:30 +0800 CST
2026/06/13 20:44:36.607377 [INFO]Found1messages
2026/06/13 20:44:36.609603 [INFO]Synced 1 messages for user: 069c3842-644c-44b9-9bf4-69767d7bc2bb
2026/06/13 20:44:37.903852 [INFO]Getting messages since:2026-06-13 20:34:30 +0800 CST
2026/06/13 20:44:37.904207 [INFO]Found1messages
2026/06/13 20:44:37.905567 [INFO]Synced 1 messages for user: 069c3842-644c-44b9-9bf4-69767d7bc2bb
2026/06/13 20:44:38.597321 [INFO]Getting messages since:2026-06-13 20:34:30 +0800 CST
2026/06/13 20:44:38.597484 [INFO]Found1messages
2026/06/13 20:44:38.598342 [INFO]Synced 1 messages for user: 069c3842-644c-44b9-9bf4-69767d7bc2bb
2026/06/13 20:45:43.919101 [INFO]Database connected and migrated successfully
2026/06/13 20:45:43.919398 [INFO]Server starting on port 8080...
2026/06/13 20:46:35.741686 [INFO]Database connected and migrated successfully
2026/06/13 20:46:35.742215 [INFO]Server starting on port 8080...
2026/06/13 20:47:04.274787 [INFO]Database connected and migrated successfully
2026/06/13 20:47:04.274963 [INFO]Server starting on port 8080...
2026/06/13 20:47:50.915472 [INFO]Created message for user:069c3842-644c-44b9-9bf4-69767d7bc2bb
2026/06/13 20:47:50.915629 [INFO]Message sent successfully for user:069c3842-644c-44b9-9bf4-69767d7bc2bb
2026/06/13 20:47:52.428928 [INFO]Getting messages since:2026-06-13 12:34:30.523 +0000 UTC
2026/06/13 20:47:52.429219 [INFO]Found2messages
2026/06/13 20:47:52.430748 [INFO]Synced 2 messages for user: 069c3842-644c-44b9-9bf4-69767d7bc2bb
2026/06/13 20:48:16.905191 [INFO]Getting messages since:2026-06-13 20:34:30 +0800 CST
2026/06/13 20:48:16.906200 [INFO]Found2messages
2026/06/13 20:48:16.908904 [INFO]Synced 2 messages for user: 069c3842-644c-44b9-9bf4-69767d7bc2bb
2026/06/13 20:54:37.276686 [INFO]Database connected and migrated successfully
2026/06/13 20:54:37.277051 [INFO]Server starting on port 8080...
2026/06/13 20:54:37.277724 [ERROR]Failed to start server:listen tcp :8080: bind: address already in use
2026/06/13 20:54:55.662656 [INFO]Database connected and migrated successfully
2026/06/13 20:54:55.662836 [INFO]Server starting on port 8080...
2026/06/13 20:55:38.961222 [INFO]Created message for user:069c3842-644c-44b9-9bf4-69767d7bc2bb
2026/06/13 20:55:38.961367 [INFO]Message sent successfully for user:069c3842-644c-44b9-9bf4-69767d7bc2bb
2026/06/13 20:55:39.248087 [INFO]Getting messages since:2026-06-13 12:47:52.439 +0000 UTC
2026/06/13 20:55:39.248566 [INFO]Found3messages
2026/06/13 20:55:39.252206 [INFO]Synced 3 messages for user: 069c3842-644c-44b9-9bf4-69767d7bc2bb
2026/06/13 20:55:45.160004 [INFO]Getting messages since:2026-06-13 20:47:50 +0800 CST
2026/06/13 20:55:45.161642 [INFO]Found2messages
2026/06/13 20:55:45.165151 [INFO]Synced 2 messages for user: 069c3842-644c-44b9-9bf4-69767d7bc2bb
2026/06/13 21:01:03.343618 [INFO]Database connected and migrated successfully
2026/06/13 21:01:03.343994 [INFO]Server starting on port 8080...
2026/06/13 21:02:18.821889 [INFO]Database connected and migrated successfully
2026/06/13 21:02:18.822370 [INFO]Server starting on port 8080...
2026/06/13 21:03:47.471047 [INFO]Created message for user:069c3842-644c-44b9-9bf4-69767d7bc2bb
2026/06/13 21:03:47.471332 [INFO]Message sent successfully for user:069c3842-644c-44b9-9bf4-69767d7bc2bb
2026/06/13 21:03:47.636398 [INFO]Getting messages since:2026-06-13 12:55:39.318 +0000 UTC
2026/06/13 21:03:47.636724 [INFO]Found4messages
2026/06/13 21:03:47.639674 [INFO]Synced 4 messages for user: 069c3842-644c-44b9-9bf4-69767d7bc2bb
2026/06/13 21:03:51.984869 [INFO]Getting messages since:2026-06-13 20:55:38 +0800 CST
2026/06/13 21:03:51.985216 [INFO]Found2messages
2026/06/13 21:03:51.986473 [INFO]Synced 2 messages for user: 069c3842-644c-44b9-9bf4-69767d7bc2bb
2026/06/13 21:09:00.731818 [INFO]Database connected and migrated successfully
2026/06/13 21:09:00.732229 [INFO]Server starting on port 8080...
2026/06/13 21:10:27.658289 [INFO]Created message for user:069c3842-644c-44b9-9bf4-69767d7bc2bb
2026/06/13 21:10:27.658435 [INFO]Message sent successfully for user:069c3842-644c-44b9-9bf4-69767d7bc2bb
2026/06/13 21:10:27.719611 [INFO]Getting messages since:2026-06-13 13:03:47.646 +0000 UTC
2026/06/13 21:10:27.720211 [INFO]Found5messages
2026/06/13 21:10:27.723146 [INFO]Synced 5 messages for user: 069c3842-644c-44b9-9bf4-69767d7bc2bb
2026/06/13 21:10:32.423782 [INFO]Getting messages since:2026-06-13 21:03:47 +0800 CST
2026/06/13 21:10:32.427602 [INFO]Found2messages
2026/06/13 21:10:32.431270 [INFO]Synced 2 messages for user: 069c3842-644c-44b9-9bf4-69767d7bc2bb
2026/06/13 21:14:04.180244 [INFO]Database connected and migrated successfully
2026/06/13 21:14:04.180536 [INFO]Server starting on port 8080...
2026/06/13 21:14:20.502436 [INFO]Database connected and migrated successfully
2026/06/13 21:14:20.502582 [INFO]Server starting on port 8080...
2026/06/13 21:14:55.079515 [INFO]Created message for user:069c3842-644c-44b9-9bf4-69767d7bc2bb
2026/06/13 21:14:55.079909 [INFO]Message sent successfully for user:069c3842-644c-44b9-9bf4-69767d7bc2bb
2026/06/13 21:14:55.319791 [INFO]Getting messages since:2026-06-13 13:10:27.728 +0000 UTC
2026/06/13 21:14:55.333561 [INFO]Found6messages
2026/06/13 21:14:55.357724 [INFO]Synced 6 messages for user: 069c3842-644c-44b9-9bf4-69767d7bc2bb
2026/06/13 21:15:02.335938 [INFO]Getting messages since:2026-06-13 21:10:27 +0800 CST
2026/06/13 21:15:02.367771 [INFO]Found2messages
2026/06/13 21:15:02.378931 [INFO]Synced 2 messages for user: 069c3842-644c-44b9-9bf4-69767d7bc2bb
2026/06/13 21:21:47.089899 [INFO]Database connected and migrated successfully
2026/06/13 21:21:47.090224 [INFO]Server starting on port 8080...
2026/06/13 21:23:56.001355 [INFO]Database connected and migrated successfully
2026/06/13 21:23:56.001663 [INFO]Server starting on port 8080...
2026/06/13 21:24:04.483728 [INFO]Database connected and migrated successfully
2026/06/13 21:24:04.483969 [INFO]Server starting on port 8080...
2026/06/13 21:24:39.433915 [WARN]Failed to fetch URL content:failed to fetch content with browser
2026/06/13 21:24:39.437402 [INFO]Created message for user:069c3842-644c-44b9-9bf4-69767d7bc2bb
2026/06/13 21:24:39.437423 [INFO]Message sent successfully for user:069c3842-644c-44b9-9bf4-69767d7bc2bb
2026/06/13 21:24:39.692148 [INFO]Getting messages since:2026-06-13 13:14:55.417 +0000 UTC
2026/06/13 21:24:39.712820 [INFO]Found7messages
2026/06/13 21:24:39.729256 [INFO]Synced 7 messages for user: 069c3842-644c-44b9-9bf4-69767d7bc2bb
2026/06/13 21:25:01.711234 [INFO]Getting messages since:2026-06-13 21:14:55 +0800 CST
2026/06/13 21:25:01.769802 [INFO]Found2messages
2026/06/13 21:25:01.793797 [INFO]Synced 2 messages for user: 069c3842-644c-44b9-9bf4-69767d7bc2bb
2026/06/13 21:25:25.532855 [INFO]Database connected and migrated successfully
2026/06/13 21:25:25.532978 [INFO]Server starting on port 8080...
2026/06/13 21:25:51.002547 [WARN]Failed to fetch URL content:failed to fetch content with browser
2026/06/13 21:25:51.051942 [INFO]Created message for user:069c3842-644c-44b9-9bf4-69767d7bc2bb
2026/06/13 21:25:51.051970 [INFO]Message sent successfully for user:069c3842-644c-44b9-9bf4-69767d7bc2bb
2026/06/13 21:25:51.599589 [INFO]Getting messages since:2026-06-13 13:24:39.785 +0000 UTC
2026/06/13 21:25:51.633243 [INFO]Found8messages
2026/06/13 21:25:51.645413 [INFO]Synced 8 messages for user: 069c3842-644c-44b9-9bf4-69767d7bc2bb
2026/06/13 21:27:57.519119 [INFO]Database connected and migrated successfully
2026/06/13 21:27:57.519469 [INFO]Server starting on port 8080...
2026/06/13 21:28:54.694490 [INFO]Created message for user:069c3842-644c-44b9-9bf4-69767d7bc2bb
2026/06/13 21:28:54.694961 [INFO]Message sent successfully for user:069c3842-644c-44b9-9bf4-69767d7bc2bb
2026/06/13 21:28:54.803720 [INFO]Getting messages since:2026-06-13 13:25:51.734 +0000 UTC
2026/06/13 21:28:54.844908 [INFO]Found9messages
2026/06/13 21:28:54.861790 [INFO]Synced 9 messages for user: 069c3842-644c-44b9-9bf4-69767d7bc2bb
2026/06/13 21:29:02.635179 [INFO]Getting messages since:2026-06-13 21:24:39 +0800 CST
2026/06/13 21:29:02.692455 [INFO]Found3messages
2026/06/13 21:29:02.731533 [INFO]Synced 3 messages for user: 069c3842-644c-44b9-9bf4-69767d7bc2bb
2026/06/13 21:30:06.775834 [INFO]Getting messages since:2026-06-13 21:28:54 +0800 CST
2026/06/13 21:30:06.783855 [INFO]Found1messages
2026/06/13 21:30:06.794009 [INFO]Synced 1 messages for user: 069c3842-644c-44b9-9bf4-69767d7bc2bb
2026/06/13 21:30:07.264009 [INFO]Created message for user:069c3842-644c-44b9-9bf4-69767d7bc2bb
2026/06/13 21:30:07.264040 [INFO]Message sent successfully for user:069c3842-644c-44b9-9bf4-69767d7bc2bb
2026/06/13 21:30:07.492374 [INFO]Getting messages since:2026-06-13 13:28:54.954 +0000 UTC
2026/06/13 21:30:07.538422 [INFO]Found10messages
2026/06/13 21:30:07.548244 [INFO]Synced 10 messages for user: 069c3842-644c-44b9-9bf4-69767d7bc2bb
2026/06/13 21:30:21.738575 [INFO]Getting messages since:2026-06-13 21:28:54 +0800 CST
2026/06/13 21:30:21.806306 [INFO]Found2messages
2026/06/13 21:30:21.818863 [INFO]Synced 2 messages for user: 069c3842-644c-44b9-9bf4-69767d7bc2bb
2026/06/13 21:31:17.036717 [INFO]Getting messages since:2026-06-13 21:30:07 +0800 CST
2026/06/13 21:31:17.048492 [INFO]Found1messages
2026/06/13 21:31:17.061696 [INFO]Synced 1 messages for user: 069c3842-644c-44b9-9bf4-69767d7bc2bb
2026/06/13 21:54:59.802118 [INFO]Getting messages since:2026-06-13 21:30:07 +0800 CST
2026/06/13 21:54:59.818761 [INFO]Found1messages
2026/06/13 21:54:59.838527 [INFO]Synced 1 messages for user: 069c3842-644c-44b9-9bf4-69767d7bc2bb
2026/06/14 21:13:12.231498 [INFO]Getting messages since:2026-06-13 21:30:07 +0800 CST
2026/06/14 21:13:12.247417 [INFO]Found1messages
2026/06/14 21:13:12.252778 [INFO]Synced 1 messages for user: 069c3842-644c-44b9-9bf4-69767d7bc2bb
2026/06/14 21:13:54.580042 [INFO]Getting messages since:2026-06-13 13:30:07.658 +0000 UTC
2026/06/14 21:13:54.581587 [INFO]Getting messages since:2026-06-13 13:30:07.658 +0000 UTC
2026/06/14 21:13:54.652610 [INFO]Found10messages
2026/06/14 21:13:54.653613 [INFO]Found10messages
2026/06/14 21:13:54.690088 [INFO]Synced 10 messages for user: 069c3842-644c-44b9-9bf4-69767d7bc2bb
2026/06/14 21:13:54.699076 [INFO]Synced 10 messages for user: 069c3842-644c-44b9-9bf4-69767d7bc2bb
2026/06/14 21:14:24.873577 [INFO]Created message for user:069c3842-644c-44b9-9bf4-69767d7bc2bb
2026/06/14 21:14:24.874278 [INFO]Message sent successfully for user:069c3842-644c-44b9-9bf4-69767d7bc2bb
2026/06/14 21:14:25.345047 [INFO]Getting messages since:2026-06-14 13:13:54.899 +0000 UTC
2026/06/14 21:14:25.352869 [INFO]Found1messages
2026/06/14 21:14:25.355208 [INFO]Synced 1 messages for user: 069c3842-644c-44b9-9bf4-69767d7bc2bb
2026/06/14 21:14:29.443050 [INFO]Getting messages since:2026-06-13 21:30:07 +0800 CST
2026/06/14 21:14:29.497866 [INFO]Found2messages
2026/06/14 21:14:29.502533 [INFO]Synced 2 messages for user: 069c3842-644c-44b9-9bf4-69767d7bc2bb
2026/06/14 21:15:37.858836 [INFO]Getting messages since:2026-06-14 21:14:24 +0800 CST
2026/06/14 21:15:37.869439 [INFO]Found1messages
2026/06/14 21:15:37.879628 [INFO]Synced 1 messages for user: 069c3842-644c-44b9-9bf4-69767d7bc2bb
