2026/06/14 21:20:34.417107 [INFO]Database connected and migrated successfully
2026/06/14 21:20:34.417488 [INFO]Server starting on port 8080...
2026/06/14 21:22:47.935861 [INFO]Database connected and migrated successfully
2026/06/14 21:22:47.936026 [INFO]Server starting on port 8080...
2026/06/14 21:23:45.192547 [INFO]Database connected and migrated successfully
2026/06/14 21:23:45.192754 [INFO]Server starting on port 8080...
2026/06/14 21:26:09.066489 [INFO]Getting messages since:2026-06-13 21:30:07 +0800 CST
2026/06/14 21:26:09.139315 [INFO]Found2messages
2026/06/14 21:26:09.151081 [INFO]Synced 2 messages for user: 069c3842-644c-44b9-9bf4-69767d7bc2bb
2026/06/14 21:26:11.250746 [INFO]Getting messages since:2026-06-14 21:14:24 +0800 CST
2026/06/14 21:26:11.254755 [INFO]Found1messages
2026/06/14 21:26:11.257354 [INFO]Synced 1 messages for user: 069c3842-644c-44b9-9bf4-69767d7bc2bb
2026/06/14 21:26:12.372627 [INFO]Getting messages since:2026-06-14 21:14:24 +0800 CST
2026/06/14 21:26:12.376089 [INFO]Found1messages
2026/06/14 21:26:12.379703 [INFO]Synced 1 messages for user: 069c3842-644c-44b9-9bf4-69767d7bc2bb
2026/06/14 21:26:13.220258 [INFO]Getting messages since:2026-06-14 21:14:24 +0800 CST
2026/06/14 21:26:13.222627 [INFO]Found1messages
2026/06/14 21:26:13.229738 [INFO]Synced 1 messages for user: 069c3842-644c-44b9-9bf4-69767d7bc2bb
2026/06/14 21:27:42.867544 [INFO]Created message for user:069c3842-644c-44b9-9bf4-69767d7bc2bb
2026/06/14 21:27:42.870532 [INFO]Message sent successfully for user:069c3842-644c-44b9-9bf4-69767d7bc2bb
2026/06/14 21:27:50.438459 [INFO]Getting messages since:2026-06-14 13:14:25.394 +0000 UTC
2026/06/14 21:27:50.470022 [INFO]Found2messages
2026/06/14 21:27:50.508209 [INFO]Synced 2 messages for user: 069c3842-644c-44b9-9bf4-69767d7bc2bb
2026/06/14 21:27:53.563951 [INFO]Getting messages since:2026-06-14 21:14:24 +0800 CST
2026/06/14 21:27:53.677667 [INFO]Found2messages
2026/06/14 21:27:53.691771 [INFO]Synced 2 messages for user: 069c3842-644c-44b9-9bf4-69767d7bc2bb
2026/06/14 21:28:04.174082 [INFO]Getting messages since:2026-06-14 21:27:42 +0800 CST
2026/06/14 21:28:04.191745 [INFO]Found1messages
2026/06/14 21:28:04.216413 [INFO]Synced 1 messages for user: 069c3842-644c-44b9-9bf4-69767d7bc2bb
2026/06/14 21:33:26.803936 [INFO]Getting messages since:2026-06-14 21:27:42 +0800 CST
2026/06/14 21:33:26.812828 [INFO]Found1messages
2026/06/14 21:33:26.817800 [INFO]Synced 1 messages for user: 069c3842-644c-44b9-9bf4-69767d7bc2bb
2026/06/14 21:33:56.271425 [INFO]Created message for user:069c3842-644c-44b9-9bf4-69767d7bc2bb
2026/06/14 21:33:56.271640 [INFO]Message sent successfully for user:069c3842-644c-44b9-9bf4-69767d7bc2bb
2026/06/14 21:33:56.317413 [INFO]Getting messages since:2026-06-14 13:27:50.618 +0000 UTC
2026/06/14 21:33:56.357493 [INFO]Found3messages
2026/06/14 21:33:56.367153 [INFO]Synced 3 messages for user: 069c3842-644c-44b9-9bf4-69767d7bc2bb
2026/06/14 21:34:21.993503 [INFO]Getting messages since:2026-06-14 21:27:42 +0800 CST
2026/06/14 21:34:22.020597 [INFO]Found2messages
2026/06/14 21:34:22.030008 [INFO]Synced 2 messages for user: 069c3842-644c-44b9-9bf4-69767d7bc2bb
